
vi., 11 de mar. de 2022 16:33:09: 
 exercises.c | 19 ++++++++++++++++---
 1 file changed, 16 insertions(+), 3 deletions(-)
In file included from test.c:5:0:
exercises.c: In function 'suma':
exercises.c:17:13: error: format '%d' expects argument of type 'int', but argument 2 has type 'int *' [-Werror=format=]
    printf("%d",c);
             ^
exercises.c: In function 'sumaNultimos':
exercises.c:47:4: error: expected expression before 'int'
    int j ;
    ^~~
exercises.c:48:9: error: 'j' undeclared (first use in this function)
    for (j = (m-n); j < n; j++)
         ^
exercises.c:48:9: note: each undeclared identifier is reported only once for each function it appears in
cc1.exe: all warnings being treated as errors
Compilation failed
40ad0c8
vi., 11 de mar. de 2022 16:34:16: 
 exercises.c | 1 -
 1 file changed, 1 deletion(-)
In file included from test.c:5:0:
exercises.c: In function 'sumaNultimos':
exercises.c:46:4: error: expected expression before 'int'
    int j ;
    ^~~
exercises.c:47:9: error: 'j' undeclared (first use in this function)
    for (j = (m-n); j < n; j++)
         ^
exercises.c:47:9: note: each undeclared identifier is reported only once for each function it appears in
Compilation failed
62ffb58
vi., 11 de mar. de 2022 16:34:55: 
In file included from test.c:5:0:
exercises.c: In function 'sumaNultimos':
exercises.c:46:4: error: expected expression before 'int'
    int j ;
    ^~~
exercises.c:47:9: error: 'j' undeclared (first use in this function)
    for (j = (m-n); j < n; j++)
         ^
exercises.c:47:9: note: each undeclared identifier is reported only once for each function it appears in
Compilation failed
9cec9a2
vi., 11 de mar. de 2022 16:35:12: 
 exercises.c | 5 -----
 1 file changed, 5 deletions(-)
 tests:  1|6
total_score: 10/70
1f23787
vi., 11 de mar. de 2022 17:01:29: 
 exercises.c | 3 ++-
 1 file changed, 2 insertions(+), 1 deletion(-)
In file included from test.c:5:0:
exercises.c: In function 'sumaNultimos':
exercises.c:46:16: error: passing argument 1 of 'sumaN' makes pointer from integer without a cast [-Werror=int-conversion]
    *suma=sumaN(a[j], n);
                ^
exercises.c:25:8: note: expected 'int *' but argument is of type 'int'
    int sumaN(int a[], int N) {
        ^~~~~
cc1.exe: all warnings being treated as errors
Compilation failed
860e872
vi., 11 de mar. de 2022 17:01:55: 
 exercises.c | 2 +-
 1 file changed, 1 insertion(+), 1 deletion(-)
In file included from test.c:5:0:
exercises.c: In function 'sumaNultimos':
exercises.c:46:16: error: invalid type argument of unary '*' (have 'int')
    *suma=sumaN(*a[j], n);
                ^~~~~
Compilation failed
21494bb
vi., 11 de mar. de 2022 17:02:13: 
 exercises.c | 2 +-
 1 file changed, 1 insertion(+), 1 deletion(-)
 tests:  1|6
total_score: 10/70
40f0327
vi., 11 de mar. de 2022 17:37:09: 
 exercises.c | 2 +-
 1 file changed, 1 insertion(+), 1 deletion(-)
In file included from test.c:5:0:
exercises.c: In function 'sumaNultimos':
exercises.c:45:8: error: unused variable 'j' [-Werror=unused-variable]
    int j=n-m;
        ^
cc1.exe: all warnings being treated as errors
Compilation failed
950d5fb
vi., 11 de mar. de 2022 17:37:25: 
 exercises.c | 1 -
 1 file changed, 1 deletion(-)
 tests:  1|6
total_score: 10/70
07ee281
vi., 11 de mar. de 2022 17:38:26: 
 exercises.c | 2 +-
 1 file changed, 1 insertion(+), 1 deletion(-)
 tests:  2|5
total_score: 20/70
f7a6303
vi., 11 de mar. de 2022 18:23:30: 
 exercises.c | 9 +++++++--
 1 file changed, 7 insertions(+), 2 deletions(-)
In file included from test.c:5:0:
exercises.c: In function 'sumaNultimos':
exercises.c:46:4: error: invalid operands to binary * (have 'int' and 'int *')
    int j = (n - m)
            ~~~~~~~
    *suma=sumaN(a + j, m);
    ^
exercises.c: In function 'crearPersona':
exercises.c:65:30: error: expected expression before 'Persona'
    Persona *personaNueva = (*Persona) malloc(sizeof(Persona));
                              ^~~~~~~
exercises.c:65:39: error: expected ',' or ';' before 'malloc'
    Persona *personaNueva = (*Persona) malloc(sizeof(Persona));
                                       ^~~~~~
exercises.c:65:13: error: unused variable 'personaNueva' [-Werror=unused-variable]
    Persona *personaNueva = (*Persona) malloc(sizeof(Persona));
             ^~~~~~~~~~~~
cc1.exe: all warnings being treated as errors
Compilation failed
5d38361
vi., 11 de mar. de 2022 18:24:02: 
 exercises.c | 2 +-
 1 file changed, 1 insertion(+), 1 deletion(-)
In file included from test.c:5:0:
exercises.c: In function 'crearPersona':
exercises.c:65:30: error: expected expression before 'Persona'
    Persona *personaNueva = (*Persona) malloc(sizeof(Persona));
                              ^~~~~~~
exercises.c:65:39: error: expected ',' or ';' before 'malloc'
    Persona *personaNueva = (*Persona) malloc(sizeof(Persona));
                                       ^~~~~~
exercises.c:65:13: error: unused variable 'personaNueva' [-Werror=unused-variable]
    Persona *personaNueva = (*Persona) malloc(sizeof(Persona));
             ^~~~~~~~~~~~
cc1.exe: all warnings being treated as errors
Compilation failed
cd22b4a
vi., 11 de mar. de 2022 18:24:25: 
 exercises.c | 2 +-
 1 file changed, 1 insertion(+), 1 deletion(-)
 tests:  2|5
total_score: 20/70
b44a6f0
vi., 11 de mar. de 2022 18:36:10: 
 exercises.c | 8 +++++---
 1 file changed, 5 insertions(+), 3 deletions(-)
In file included from test.c:5:0:
exercises.c: In function 'crearPersona':
exercises.c:66:30: error: expected expression before 'Persona'
    Persona *personaNueva = (*Persona) malloc(sizeof(Persona));
                              ^~~~~~~
exercises.c:66:39: error: expected ',' or ';' before 'malloc'
    Persona *personaNueva = (*Persona) malloc(sizeof(Persona));
                                       ^~~~~~
exercises.c:69:11: error: passing argument 1 of 'strcpy' makes pointer from integer without a cast [-Werror=int-conversion]
    strcpy(original.edad, personaNueva->edad);
           ^~~~~~~~
In file included from test.c:3:0:
c:\mingw\include\string.h:79:40: note: expected 'char *' but argument is of type 'int'
 _CRTIMP __cdecl __MINGW_NOTHROW  char *strcpy (char *, const char *);
                                        ^~~~~~
In file included from test.c:5:0:
exercises.c:69:26: error: passing argument 2 of 'strcpy' makes pointer from integer without a cast [-Werror=int-conversion]
    strcpy(original.edad, personaNueva->edad);
                          ^~~~~~~~~~~~
In file included from test.c:3:0:
c:\mingw\include\string.h:79:40: note: expected 'const char *' but argument is of type 'int'
 _CRTIMP __cdecl __MINGW_NOTHROW  char *strcpy (char *, const char *);
                                        ^~~~~~
cc1.exe: all warnings being treated as errors
Compilation failed
5e14346
vi., 11 de mar. de 2022 18:36:52: 
 exercises.c | 2 +-
 1 file changed, 1 insertion(+), 1 deletion(-)
In file included from test.c:5:0:
exercises.c: In function 'crearPersona':
exercises.c:69:11: error: passing argument 1 of 'strcpy' makes pointer from integer without a cast [-Werror=int-conversion]
    strcpy(original.edad, personaNueva->edad);
           ^~~~~~~~
In file included from test.c:3:0:
c:\mingw\include\string.h:79:40: note: expected 'char *' but argument is of type 'int'
 _CRTIMP __cdecl __MINGW_NOTHROW  char *strcpy (char *, const char *);
                                        ^~~~~~
In file included from test.c:5:0:
exercises.c:69:26: error: passing argument 2 of 'strcpy' makes pointer from integer without a cast [-Werror=int-conversion]
    strcpy(original.edad, personaNueva->edad);
                          ^~~~~~~~~~~~
In file included from test.c:3:0:
c:\mingw\include\string.h:79:40: note: expected 'const char *' but argument is of type 'int'
 _CRTIMP __cdecl __MINGW_NOTHROW  char *strcpy (char *, const char *);
                                        ^~~~~~
cc1.exe: all warnings being treated as errors
Compilation failed
986ec14
vi., 11 de mar. de 2022 18:41:35: 
 exercises.c | 10 +++++-----
 1 file changed, 5 insertions(+), 5 deletions(-)
In file included from test.c:5:0:
exercises.c: In function 'crearPersona':
exercises.c:69:11: error: passing argument 1 of 'strcpy' makes pointer from integer without a cast [-Werror=int-conversion]
    strcpy(personaNueva->edad, edad);
           ^~~~~~~~~~~~
In file included from test.c:3:0:
c:\mingw\include\string.h:79:40: note: expected 'char *' but argument is of type 'int'
 _CRTIMP __cdecl __MINGW_NOTHROW  char *strcpy (char *, const char *);
                                        ^~~~~~
In file included from test.c:5:0:
exercises.c:69:31: error: passing argument 2 of 'strcpy' makes pointer from integer without a cast [-Werror=int-conversion]
    strcpy(personaNueva->edad, edad);
                               ^~~~
In file included from test.c:3:0:
c:\mingw\include\string.h:79:40: note: expected 'const char *' but argument is of type 'int'
 _CRTIMP __cdecl __MINGW_NOTHROW  char *strcpy (char *, const char *);
                                        ^~~~~~
cc1.exe: all warnings being treated as errors
Compilation failed
8bce464
vi., 11 de mar. de 2022 18:42:57: 
 exercises.c | 2 +-
 1 file changed, 1 insertion(+), 1 deletion(-)
 tests:  2|5
total_score: 20/70
788e3aa
vi., 11 de mar. de 2022 18:48:09: 
 exercises.c | 1 +
 1 file changed, 1 insertion(+)
In file included from test.c:5:0:
exercises.c: In function 'crearPersona':
exercises.c:67:4: error: 'persona' undeclared (first use in this function)
    persona.nueva-> = edad;
    ^~~~~~~
exercises.c:67:4: note: each undeclared identifier is reported only once for each function it appears in
exercises.c:67:20: error: expected identifier before '=' token
    persona.nueva-> = edad;
                    ^
Compilation failed
0f839e5
vi., 11 de mar. de 2022 18:48:36: 
 exercises.c | 2 +-
 1 file changed, 1 insertion(+), 1 deletion(-)
 tests:  3|4
total_score: 30/70
3e63081
vi., 11 de mar. de 2022 18:49:47: 
 exercises.c | 3 ++-
 1 file changed, 2 insertions(+), 1 deletion(-)
 tests:  3|4
total_score: 30/70
e5e52a8
vi., 11 de mar. de 2022 18:59:46: 
 exercises.c | 5 +++--
 1 file changed, 3 insertions(+), 2 deletions(-)
In file included from test.c:5:0:
exercises.c: In function 'crearVector':
exercises.c:89:24: error: 'vector' undeclared (first use in this function)
    int *vectorNuevo = (vector*) malloc(n*sizeof(vector));
                        ^~~~~~
exercises.c:89:24: note: each undeclared identifier is reported only once for each function it appears in
exercises.c:89:31: error: expected expression before ')' token
    int *vectorNuevo = (vector*) malloc(n*sizeof(vector));
                               ^
exercises.c:90:11: error: return from incompatible pointer type [-Werror=incompatible-pointer-types]
    return vectorNuevo;
           ^~~~~~~~~~~
cc1.exe: all warnings being treated as errors
Compilation failed
5d72ac7
vi., 11 de mar. de 2022 19:00:42: 
 exercises.c | 2 +-
 1 file changed, 1 insertion(+), 1 deletion(-)
In file included from test.c:5:0:
exercises.c: In function 'crearVector':
exercises.c:89:23: error: initialization from incompatible pointer type [-Werror=incompatible-pointer-types]
    int *vectorNuevo = (Vector*) malloc(n*sizeof(Vector));
                       ^
exercises.c:90:11: error: return from incompatible pointer type [-Werror=incompatible-pointer-types]
    return vectorNuevo;
           ^~~~~~~~~~~
cc1.exe: all warnings being treated as errors
Compilation failed
06131ab
vi., 11 de mar. de 2022 19:02:54: 
 exercises.c | 2 +-
 1 file changed, 1 insertion(+), 1 deletion(-)
 tests:  3|4
total_score: 30/70
4d1762a
vi., 11 de mar. de 2022 19:05:12: 
 exercises.c | 3 ++-
 1 file changed, 2 insertions(+), 1 deletion(-)
 tests:  3|4
total_score: 30/70
82ef0b5
vi., 11 de mar. de 2022 20:08:53: 
 exercises.c | 2 +-
 1 file changed, 1 insertion(+), 1 deletion(-)
 tests:  3|4
total_score: 30/70
945ba36
sá., 12 de mar. de 2022 11:36:22: 
 exercises.c | 2 ++
 1 file changed, 2 insertions(+)
In file included from test.c:5:0:
test.c: In function 'crearVector':
exercises.c:91:5: error: 'vector2.capacidad' is used uninitialized in this function [-Werror=uninitialized]
    n=vector2.capacidad;
    ~^~~~~~~~~~~~~~~~~~
cc1.exe: all warnings being treated as errors
Compilation failed
1a4c202
sá., 12 de mar. de 2022 11:36:50: 
 exercises.c | 2 +-
 1 file changed, 1 insertion(+), 1 deletion(-)
In file included from test.c:5:0:
exercises.c: In function 'crearVector':
exercises.c:91:8: error: 'n' redeclared as different kind of symbol
    int n=vector2.capacidad;
        ^
exercises.c:88:26: note: previous definition of 'n' was here
 Vector * crearVector(int n)
                          ^
Compilation failed
289660e
sá., 12 de mar. de 2022 11:37:49: 
 exercises.c | 2 --
 1 file changed, 2 deletions(-)
 tests:  3|4
total_score: 30/70
052be20
sá., 12 de mar. de 2022 12:18:21: 
 exercises.c | 14 +++++++++++---
 1 file changed, 11 insertions(+), 3 deletions(-)
In file included from test.c:5:0:
exercises.c: In function 'crearVector':
exercises.c:99:4: error: expected identifier or '(' before 'return'
    return variable;
    ^~~~~~
exercises.c: In function 'asignarValor':
exercises.c:109:4: error: called object 'v' is not a function or function pointer
    v(i)=valor;
    ^
exercises.c:107:28: note: declared here
 void asignarValor(Vector * v, int i, int valor)
                            ^
exercises.c: In function 'crearVector':
exercises.c:100:1: error: control reaches end of non-void function [-Werror=return-type]
 }
 ^
cc1.exe: all warnings being treated as errors
Compilation failed
69a6c00
sá., 12 de mar. de 2022 12:19:20: 
 exercises.c | 7 -------
 1 file changed, 7 deletions(-)
In file included from test.c:5:0:
exercises.c: In function 'crearVector':
exercises.c:92:11: error: 'variable' undeclared (first use in this function)
    return variable;
           ^~~~~~~~
exercises.c:92:11: note: each undeclared identifier is reported only once for each function it appears in
exercises.c: In function 'asignarValor':
exercises.c:102:4: error: called object 'v' is not a function or function pointer
    v(i)=valor;
    ^
exercises.c:100:28: note: declared here
 void asignarValor(Vector * v, int i, int valor)
                            ^
exercises.c: In function 'crearVector':
exercises.c:93:1: error: control reaches end of non-void function [-Werror=return-type]
 }
 ^
cc1.exe: all warnings being treated as errors
Compilation failed
c7bcce7
sá., 12 de mar. de 2022 12:19:59: 
 exercises.c | 2 +-
 1 file changed, 1 insertion(+), 1 deletion(-)
In file included from test.c:5:0:
exercises.c: In function 'asignarValor':
exercises.c:102:4: error: called object 'v' is not a function or function pointer
    v(i)=valor;
    ^
exercises.c:100:28: note: declared here
 void asignarValor(Vector * v, int i, int valor)
                            ^
Compilation failed
5485c3b
sá., 12 de mar. de 2022 12:21:57: 
 exercises.c | 2 +-
 1 file changed, 1 insertion(+), 1 deletion(-)
 tests:  3|4
total_score: 30/70
042eaeb
sá., 12 de mar. de 2022 12:29:35: 
 exercises.c | 1 +
 1 file changed, 1 insertion(+)
In file included from test.c:5:0:
exercises.c: In function 'crearVector':
exercises.c:90:12: error: unused variable 'vectorNuevo' [-Werror=unused-variable]
    Vector *vectorNuevo = (Vector*) calloc(n,sizeof(Vector));
            ^~~~~~~~~~~
cc1.exe: all warnings being treated as errors
Compilation failed
5af8667
sá., 12 de mar. de 2022 12:29:56: 
 exercises.c | 2 +-
 1 file changed, 1 insertion(+), 1 deletion(-)
 tests:  3|4
total_score: 30/70
4dd6da9
sá., 12 de mar. de 2022 12:32:13: 
 exercises.c | 2 ++
 1 file changed, 2 insertions(+)
In file included from test.c:5:0:
test.c: In function 'crearVector':
exercises.c:91:5: error: 'variable.capacidad' is used uninitialized in this function [-Werror=uninitialized]
    n=variable.capacidad;
    ~^~~~~~~~~~~~~~~~~~~
cc1.exe: all warnings being treated as errors
Compilation failed
b5abe9c
sá., 12 de mar. de 2022 12:33:55: 
 exercises.c | 2 +-
 1 file changed, 1 insertion(+), 1 deletion(-)
In file included from test.c:5:0:
exercises.c: In function 'crearVector':
exercises.c:91:8: error: 'n' redeclared as different kind of symbol
    int n=variable.capacidad;
        ^
exercises.c:88:26: note: previous definition of 'n' was here
 Vector * crearVector(int n)
                          ^
Compilation failed
64d2b25
sá., 12 de mar. de 2022 13:56:53: 
 exercises.c | 7 ++++---
 1 file changed, 4 insertions(+), 3 deletions(-)
In file included from test.c:5:0:
exercises.c: In function 'crearVector':
exercises.c:93:19: error: assignment from incompatible pointer type [-Werror=incompatible-pointer-types]
    variable.datos = (Vector*) calloc(n,sizeof(Vector));
                   ^
exercises.c:96:19: error: return from incompatible pointer type [-Werror=incompatible-pointer-types]
    return variable.datos;
           ~~~~~~~~^~~~~~
cc1.exe: all warnings being treated as errors
Compilation failed
f9c75b7
sá., 12 de mar. de 2022 14:12:09: 
 exercises.c | 8 ++++----
 1 file changed, 4 insertions(+), 4 deletions(-)
In file included from test.c:5:0:
exercises.c: In function 'crearVector':
exercises.c:93:20: error: assignment from incompatible pointer type [-Werror=incompatible-pointer-types]
    variable->datos = (Vector*) calloc(variable->capacidad,sizeof(Vector));
                    ^
exercises.c:91:23: error: 'variable' is used uninitialized in this function [-Werror=uninitialized]
    variable->capacidad=n;
    ~~~~~~~~~~~~~~~~~~~^~
cc1.exe: all warnings being treated as errors
Compilation failed
c330de9
sá., 12 de mar. de 2022 14:23:23: 
 exercises.c | 4 ++--
 1 file changed, 2 insertions(+), 2 deletions(-)
 tests:  0|0
e818303
sá., 12 de mar. de 2022 14:24:23: 
 exercises.c | 2 +-
 1 file changed, 1 insertion(+), 1 deletion(-)
 tests:  0|0
7435d51
